[20:06:16] [ServerMain/INFO]: [bootstrap] Running Java 21 (OpenJDK 64-Bit Server VM 21.0.8+9-Ubuntu-0ubuntu125.04.1; Ubuntu null) on Linux 6.14.0-27-generic (amd64)
[20:06:16] [ServerMain/INFO]: [bootstrap] Loading Purpur 1.21.8-2487-HEAD@3850f35 (2025-08-04T21:21:14Z) for Minecraft 1.21.8
[20:06:17] [ServerMain/INFO]: [PluginInitializerManager] Initializing plugins...
[20:06:17] [ServerMain/INFO]: [PluginInitializerManager] Initialized 0 plugins
[20:06:21] [ServerMain/INFO]: Environment: Environment[sessionHost=https://sessionserver.mojang.com, servicesHost=https://api.minecraftservices.com, name=PROD]
[20:06:23] [ServerMain/INFO]: Loaded 1407 recipes
[20:06:23] [ServerMain/INFO]: Loaded 1520 advancements
[20:06:23] [ServerMain/INFO]: [ca.spottedleaf.dataconverter.minecraft.datatypes.MCTypeRegistry] Initialising converters for DataConverter...
[20:06:24] [ServerMain/INFO]: [ca.spottedleaf.dataconverter.minecraft.datatypes.MCTypeRegistry] Finished initialising converters for DataConverter in 398,0ms
[20:06:24] [Server thread/INFO]: Starting minecraft server version 1.21.8
[20:06:24] [Server thread/INFO]: Loading properties
[20:06:24] [Server thread/INFO]: This server is running Purpur version 1.21.8-2487-HEAD@3850f35 (2025-08-04T21:21:14Z) (Implementing API version 1.21.8-R0.1-SNAPSHOT)
[20:06:24] [Server thread/INFO]: [spark] This server bundles the spark profiler. For more information please visit https://docs.papermc.io/paper/profiling
[20:06:24] [Server thread/INFO]: Server Ping Player Sample Count: 12
[20:06:24] [Server thread/INFO]: Using 4 threads for Netty based IO
[20:06:25] [Server thread/INFO]: [MoonriseCommon] Paper is using 1 worker threads, 1 I/O threads
[20:06:25] [Server thread/INFO]: [ChunkTaskScheduler] Chunk system is using population gen parallelism: true
[20:06:25] [Server thread/INFO]: Default game type: SURVIVAL
[20:06:25] [Server thread/INFO]: Generating keypair
[20:06:25] [Server thread/INFO]: Starting Minecraft server on *:25565
[20:06:25] [Server thread/INFO]: Using epoll channel type
[20:06:25] [Server thread/INFO]: Paper: Using libdeflate (Linux x86_64) compression from Velocity.
[20:06:25] [Server thread/INFO]: Paper: Using OpenSSL 3.x.x (Linux x86_64) cipher from Velocity.
[20:06:25] [Server thread/INFO]: Server permissions file permissions.yml is empty, ignoring it
[20:06:25] [Server thread/WARN]: **** SERVER IS RUNNING IN OFFLINE/INSECURE MODE!
[20:06:25] [Server thread/WARN]: The server will make no attempt to authenticate usernames. Beware.
[20:06:25] [Server thread/WARN]: While this makes the game possible to play without internet access, it also opens up the ability for hackers to connect with any username they choose.
[20:06:25] [Server thread/WARN]: To change this, set "online-mode" to "true" in the server.properties file.
[20:06:25] [Server thread/INFO]: Preparing level "world"
[20:06:26] [Server thread/INFO]: Preparing start region for dimension minecraft:overworld
[20:06:26] [Server thread/INFO]: Preparing spawn area: 0%
[20:06:26] [Server thread/INFO]: Preparing spawn area: 4%
[20:06:27] [Server thread/INFO]: Time elapsed: 891 ms
[20:06:27] [Server thread/INFO]: Preparing start region for dimension minecraft:the_nether
[20:06:27] [Server thread/INFO]: Preparing spawn area: 0%
[20:06:27] [Server thread/INFO]: Time elapsed: 183 ms
[20:06:27] [Server thread/INFO]: Preparing start region for dimension minecraft:the_end
[20:06:27] [Server thread/INFO]: Preparing spawn area: 0%
[20:06:27] [Server thread/INFO]: Time elapsed: 117 ms
[20:06:27] [Server thread/INFO]: [spark] Starting background profiler...
[20:06:27] [Server thread/INFO]: Done preparing level "world" (2.209s)
[20:06:27] [Server thread/INFO]: Running delayed init tasks
[20:06:27] [Server thread/INFO]: Done (11.719s)! For help, type "help"
[20:06:43] [User Authenticator #0/INFO]: UUID of player rian is 2797460e-3a8c-30a4-89b8-e3627afdfc36
[20:06:46] [Server thread/INFO]: rian joined the game
[20:06:46] [Server thread/INFO]: rian[/127.0.0.1:60522] logged in with entity id 27 at ([world]-8.5, 80.0, -7.5)
[20:07:50] [Server thread/INFO]: Made rian a server operator
[20:07:54] [Server thread/INFO]: [rian: Set own game mode to Creative Mode]
[20:08:18] [Server thread/INFO]: rian lost connection: Disconnected
[20:08:18] [Server thread/INFO]: rian left the game
[20:08:22] [Server thread/INFO]: Stopping server
[20:08:22] [Server thread/INFO]: Saving players
[20:08:22] [Server thread/INFO]: Saving worlds
[20:08:22] [Server thread/INFO]: Saving chunks for level 'ServerLevel[world]'/minecraft:overworld
[20:08:22] [Server thread/INFO]: [ChunkHolderManager] Waiting 60s for chunk system to halt for world 'world'
[20:08:22] [Server thread/INFO]: [ChunkHolderManager] Halted chunk system for world 'world'
[20:08:22] [Server thread/INFO]: [ChunkHolderManager] Saving all chunkholders for world 'world'
[20:08:24] [Server thread/INFO]: [ChunkHolderManager] Saved 2001 block chunks, 759 entity chunks, 6 poi chunks in world 'world' in 2,38s
[20:08:24] [Server thread/INFO]: [ChunkHolderManager] Waiting 60s for chunk I/O to halt for world 'world'
[20:08:24] [Server thread/INFO]: [ChunkHolderManager] Halted I/O scheduler for world 'world'
[20:08:24] [Server thread/INFO]: Saving chunks for level 'ServerLevel[world_nether]'/minecraft:the_nether
[20:08:24] [Server thread/INFO]: [ChunkHolderManager] Waiting 60s for chunk system to halt for world 'world_nether'
[20:08:24] [Server thread/INFO]: [ChunkHolderManager] Halted chunk system for world 'world_nether'
[20:08:24] [Server thread/INFO]: [ChunkHolderManager] Saving all chunkholders for world 'world_nether'
[20:08:25] [Server thread/INFO]: [ChunkHolderManager] Saved 49 block chunks, 49 entity chunks, 0 poi chunks in world 'world_nether' in 0,10s
[20:08:25] [Server thread/INFO]: [ChunkHolderManager] Waiting 60s for chunk I/O to halt for world 'world_nether'
[20:08:25] [Server thread/INFO]: [ChunkHolderManager] Halted I/O scheduler for world 'world_nether'
[20:08:25] [Server thread/INFO]: Saving chunks for level 'ServerLevel[world_the_end]'/minecraft:the_end
[20:08:25] [Server thread/INFO]: [ChunkHolderManager] Waiting 60s for chunk system to halt for world 'world_the_end'
[20:08:25] [Server thread/INFO]: [ChunkHolderManager] Halted chunk system for world 'world_the_end'
[20:08:25] [Server thread/INFO]: [ChunkHolderManager] Saving all chunkholders for world 'world_the_end'
[20:08:25] [Server thread/INFO]: [ChunkHolderManager] Saved 49 block chunks, 49 entity chunks, 0 poi chunks in world 'world_the_end' in 0,03s
[20:08:25] [Server thread/INFO]: [ChunkHolderManager] Waiting 60s for chunk I/O to halt for world 'world_the_end'
[20:08:25] [Server thread/INFO]: [ChunkHolderManager] Halted I/O scheduler for world 'world_the_end'
[20:08:25] [Server thread/INFO]: ThreadedAnvilChunkStorage (world): All chunks are saved
[20:08:25] [Server thread/INFO]: ThreadedAnvilChunkStorage (DIM-1): All chunks are saved
[20:08:25] [Server thread/INFO]: ThreadedAnvilChunkStorage (DIM1): All chunks are saved
[20:08:25] [Server thread/INFO]: ThreadedAnvilChunkStorage: All dimensions are saved
[20:08:25] [Server thread/INFO]: Waiting for all RegionFile I/O tasks to complete...
[20:08:25] [Server thread/INFO]: All RegionFile I/O tasks to complete
[20:08:25] [Server thread/INFO]: [MoonriseCommon] Awaiting termination of worker pool for up to 60s...
[20:08:25] [Server thread/INFO]: [MoonriseCommon] Awaiting termination of I/O pool for up to 60s...
